#
# There is insufficient memory for the Java Runtime Environment to continue.
# Native memory allocation (malloc) failed to allocate 823856 bytes for Chunk::new
# Possible reasons:
#   The system is out of physical RAM or swap space
#   In 32 bit mode, the process size limit was hit
# Possible solutions:
#   Reduce memory load on the system
#   Increase physical memory or swap space
#   Check if swap backing store is full
#   Use 64 bit Java on a 64 bit OS
#   Decrease Java heap size (-Xmx/-Xms)
#   Decrease number of Java threads
#   Decrease Java thread stack sizes (-Xss)
#   Set larger code cache with -XX:ReservedCodeCacheSize=
# This output file may be truncated or incomplete.
#
#  Out of Memory Error (allocation.cpp:390), pid=8252, tid=0x0000000000000b9c
#
# JRE version: OpenJDK Runtime Environment (8.0_76-b03) (build 1.8.0_76-release-b03)
# Java VM: OpenJDK 64-Bit Server VM (25.76-b03 mixed mode windows-amd64 compressed oops)
# Failed to write core dump. Minidumps are not enabled by default on client versions of Windows
#

---------------  T H R E A D  ---------------

Current thread (0x0000000015539000):  JavaThread "C2 CompilerThread0" daemon [_thread_in_native, id=2972, stack(0x0000000016b70000,0x0000000016c70000)]

Stack: [0x0000000016b70000,0x0000000016c70000]
[error occurred during error reporting (printing stack bounds), id 0xc0000005]

Native frames: (J=compiled Java code, j=interpreted, Vv=VM code, C=native code)


Current CompileTask:
C2:   7334 1952   !   4       com.android.dx.cf.code.BytecodeArray::parseInstruction (2764 bytes)


---------------  P R O C E S S  ---------------

Java Threads: ( => current thread )
  0x000000001714c000 JavaThread "pool-1-thread-4" [_thread_in_Java, id=13776, stack(0x0000000017870000,0x0000000017970000)]
  0x000000001714b800 JavaThread "pool-1-thread-3" [_thread_blocked, id=5920, stack(0x0000000017770000,0x0000000017870000)]
  0x000000001714b000 JavaThread "pool-1-thread-2" [_thread_in_Java, id=1812, stack(0x0000000017670000,0x0000000017770000)]
  0x0000000017148000 JavaThread "pool-2-thread-1" [_thread_blocked, id=17404, stack(0x0000000017570000,0x0000000017670000)]
  0x0000000017145800 JavaThread "pool-1-thread-1" [_thread_blocked, id=15860, stack(0x0000000017470000,0x0000000017570000)]
  0x0000000016e74000 JavaThread "Service Thread" daemon [_thread_blocked, id=15944, stack(0x0000000017270000,0x0000000017370000)]
  0x000000001558c800 JavaThread "C1 CompilerThread2" daemon [_thread_blocked, id=1532, stack(0x0000000016d70000,0x0000000016e70000)]
  0x0000000015528000 JavaThread "C2 CompilerThread1" daemon [_thread_in_native, id=14016, stack(0x0000000016c70000,0x0000000016d70000)]
=>0x0000000015539000 JavaThread "C2 CompilerThread0" daemon [_thread_in_native, id=2972, stack(0x0000000016b70000,0x0000000016c70000)]
  0x0000000015537000 JavaThread "Attach Listener" daemon [_thread_blocked, id=14780, stack(0x0000000016a70000,0x0000000016b70000)]
  0x0000000015535800 JavaThread "Signal Dispatcher" daemon [_thread_blocked, id=5964, stack(0x0000000016970000,0x0000000016a70000)]
  0x0000000015518000 JavaThread "Finalizer" daemon [_thread_blocked, id=14084, stack(0x0000000016780000,0x0000000016880000)]
  0x00000000154f7000 JavaThread "Reference Handler" daemon [_thread_blocked, id=14356, stack(0x0000000016680000,0x0000000016780000)]
  0x0000000002d62800 JavaThread "main" [_thread_in_vm, id=9920, stack(0x0000000002c10000,0x0000000002d10000)]

Other Threads:
  0x00000000154f4800 VMThread [stack: 0x0000000016580000,0x0000000016680000] [id=18088]
  0x0000000016e75000 WatcherThread [stack: 0x0000000017370000,0x0000000017470000] [id=16820]

VM state:not at safepoint (normal execution)

VM Mutex/Monitor currently owned by a thread: None

Heap:
 PSYoungGen      total 107008K, used 40759K [0x00000000eab00000, 0x00000000f2c00000, 0x0000000100000000)
  eden space 94208K, 29% used [0x00000000eab00000,0x00000000ec6508f0,0x00000000f0700000)
  from space 12800K, 99% used [0x00000000f1780000,0x00000000f23fd4a0,0x00000000f2400000)
  to   space 16896K, 0% used [0x00000000f0700000,0x00000000f0700000,0x00000000f1780000)
 ParOldGen       total 65536K, used 21659K [0x00000000c0000000, 0x00000000c4000000, 0x00000000eab00000)
  object space 65536K, 33% used [0x00000000c0000000,0x00000000c1526ce0,0x00000000c4000000)
 Metaspace       used 6327K, capacity 7216K, committed 7296K, reserved 1056768K
  class space    used 576K, capacity 616K, committed 640K, reserved 1048576K

Card table byte_map: [0x0000000012220000,0x0000000012430000] byte_map_base: 0x0000000011c20000

Marking Bits: (ParMarkBitMap*) 0x0000000057049d00
 Begin Bits: [0x0000000012990000, 0x0000000013990000)
 End Bits:   [0x0000000013990000, 0x0000000014990000)

Polling page: 0x0000000002b90000

CodeCache: size=245760Kb used=7975Kb max_used=7989Kb free=237784Kb
 bounds [0x0000000002e60000, 0x0000000003640000, 0x0000000011e60000]
 total_blobs=2148 nmethods=1880 adapters=181
 compilation: enabled

Compilation events (10 events):
Event: 7.324 Thread 0x000000001558c800 nmethod 1970 0x00000000035c66d0 code [0x00000000035c6860, 0x00000000035c6b78]
Event: 7.324 Thread 0x000000001558c800 1971       2       java.util.BitSet::trimToSize (32 bytes)
Event: 7.324 Thread 0x000000001558c800 nmethod 1971 0x0000000003614010 code [0x0000000003614180, 0x0000000003614458]
Event: 7.325 Thread 0x000000001558c800 1972       2       com.android.dx.cf.attrib.AttInnerClasses::byteLength (14 bytes)
Event: 7.325 Thread 0x000000001558c800 nmethod 1972 0x0000000003613c90 code [0x0000000003613de0, 0x0000000003613f50]
Event: 7.331 Thread 0x000000001558c800 1973       2       java.util.zip.ZipUtils::dosToJavaTime (71 bytes)
Event: 7.332 Thread 0x000000001558c800 nmethod 1973 0x0000000003613710 code [0x0000000003613880, 0x0000000003613b58]
Event: 7.332 Thread 0x000000001558c800 1974       2       com.android.dx.cf.code.Ropper$CatchInfo::<init> (6 bytes)
Event: 7.332 Thread 0x000000001558c800 nmethod 1974 0x0000000003613310 code [0x0000000003613460, 0x0000000003613630]
Event: 7.332 Thread 0x000000001558c800 1976       2       com.android.dx.cf.code.Ropper::labelToBlock (52 bytes)

GC Heap History (10 events):
Event: 1.974 GC heap before
{Heap before GC invocations=2 (full 0):
 PSYoungGen      total 28672K, used 28661K [0x00000000eab00000, 0x00000000ecb00000, 0x0000000100000000)
  eden space 24576K, 100% used [0x00000000eab00000,0x00000000ec300000,0x00000000ec300000)
  from space 4096K, 99% used [0x00000000ec300000,0x00000000ec6fd5a8,0x00000000ec700000)
  to   space 4096K, 0% used [0x00000000ec700000,0x00000000ec700000,0x00000000ecb00000)
 ParOldGen       total 65536K, used 413K [0x00000000c0000000, 0x00000000c4000000, 0x00000000eab00000)
  object space 65536K, 0% used [0x00000000c0000000,0x00000000c0067540,0x00000000c4000000)
 Metaspace       used 6065K, capacity 7024K, committed 7296K, reserved 1056768K
  class space    used 574K, capacity 616K, committed 640K, reserved 1048576K
Event: 2.034 GC heap after
Heap after GC invocations=2 (full 0):
 PSYoungGen      total 28672K, used 4087K [0x00000000eab00000, 0x00000000ee300000, 0x0000000100000000)
  eden space 24576K, 0% used [0x00000000eab00000,0x00000000eab00000,0x00000000ec300000)
  from space 4096K, 99% used [0x00000000ec700000,0x00000000ecafdc88,0x00000000ecb00000)
  to   space 4096K, 0% used [0x00000000ec300000,0x00000000ec300000,0x00000000ec700000)
 ParOldGen       total 65536K, used 2713K [0x00000000c0000000, 0x00000000c4000000, 0x00000000eab00000)
  object space 65536K, 4% used [0x00000000c0000000,0x00000000c02a66e8,0x00000000c4000000)
 Metaspace       used 6065K, capacity 7024K, committed 7296K, reserved 1056768K
  class space    used 574K, capacity 616K, committed 640K, reserved 1048576K
}
Event: 2.405 GC heap before
{Heap before GC invocations=3 (full 0):
 PSYoungGen      total 28672K, used 28663K [0x00000000eab00000, 0x00000000ee300000, 0x0000000100000000)
  eden space 24576K, 100% used [0x00000000eab00000,0x00000000ec300000,0x00000000ec300000)
  from space 4096K, 99% used [0x00000000ec700000,0x00000000ecafdc88,0x00000000ecb00000)
  to   space 4096K, 0% used [0x00000000ec300000,0x00000000ec300000,0x00000000ec700000)
 ParOldGen       total 65536K, used 2713K [0x00000000c0000000, 0x00000000c4000000, 0x00000000eab00000)
  object space 65536K, 4% used [0x00000000c0000000,0x00000000c02a66e8,0x00000000c4000000)
 Metaspace       used 6137K, capacity 7088K, committed 7296K, reserved 1056768K
  class space    used 574K, capacity 616K, committed 640K, reserved 1048576K
Event: 2.555 GC heap after
Heap after GC invocations=3 (full 0):
 PSYoungGen      total 28672K, used 4064K [0x00000000eab00000, 0x00000000ee300000, 0x0000000100000000)
  eden space 24576K, 0% used [0x00000000eab00000,0x00000000eab00000,0x00000000ec300000)
  from space 4096K, 99% used [0x00000000ec300000,0x00000000ec6f8028,0x00000000ec700000)
  to   space 4096K, 0% used [0x00000000edf00000,0x00000000edf00000,0x00000000ee300000)
 ParOldGen       total 65536K, used 6293K [0x00000000c0000000, 0x00000000c4000000, 0x00000000eab00000)
  object space 65536K, 9% used [0x00000000c0000000,0x00000000c0625440,0x00000000c4000000)
 Metaspace       used 6137K, capacity 7088K, committed 7296K, reserved 1056768K
  class space    used 574K, capacity 616K, committed 640K, reserved 1048576K
}
Event: 2.911 GC heap before
{Heap before GC invocations=4 (full 0):
 PSYoungGen      total 28672K, used 28640K [0x00000000eab00000, 0x00000000ee300000, 0x0000000100000000)
  eden space 24576K, 100% used [0x00000000eab00000,0x00000000ec300000,0x00000000ec300000)
  from space 4096K, 99% used [0x00000000ec300000,0x00000000ec6f8028,0x00000000ec700000)
  to   space 4096K, 0% used [0x00000000edf00000,0x00000000edf00000,0x00000000ee300000)
 ParOldGen       total 65536K, used 6293K [0x00000000c0000000, 0x00000000c4000000, 0x00000000eab00000)
  object space 65536K, 9% used [0x00000000c0000000,0x00000000c0625440,0x00000000c4000000)
 Metaspace       used 6194K, capacity 7152K, committed 7296K, reserved 1056768K
  class space    used 575K, capacity 616K, committed 640K, reserved 1048576K
Event: 3.133 GC heap after
Heap after GC invocations=4 (full 0):
 PSYoungGen      total 53248K, used 4064K [0x00000000eab00000, 0x00000000ee300000, 0x0000000100000000)
  eden space 49152K, 0% used [0x00000000eab00000,0x00000000eab00000,0x00000000edb00000)
  from space 4096K, 99% used [0x00000000edf00000,0x00000000ee2f8010,0x00000000ee300000)
  to   space 4096K, 0% used [0x00000000edb00000,0x00000000edb00000,0x00000000edf00000)
 ParOldGen       total 65536K, used 9965K [0x00000000c0000000, 0x00000000c4000000, 0x00000000eab00000)
  object space 65536K, 15% used [0x00000000c0000000,0x00000000c09bb4e0,0x00000000c4000000)
 Metaspace       used 6194K, capacity 7152K, committed 7296K, reserved 1056768K
  class space    used 575K, capacity 616K, committed 640K, reserved 1048576K
}
Event: 4.621 GC heap before
{Heap before GC invocations=5 (full 0):
 PSYoungGen      total 53248K, used 53216K [0x00000000eab00000, 0x00000000ee300000, 0x0000000100000000)
  eden space 49152K, 100% used [0x00000000eab00000,0x00000000edb00000,0x00000000edb00000)
  from space 4096K, 99% used [0x00000000edf00000,0x00000000ee2f8010,0x00000000ee300000)
  to   space 4096K, 0% used [0x00000000edb00000,0x00000000edb00000,0x00000000edf00000)
 ParOldGen       total 65536K, used 9965K [0x00000000c0000000, 0x00000000c4000000, 0x00000000eab00000)
  object space 65536K, 15% used [0x00000000c0000000,0x00000000c09bb4e0,0x00000000c4000000)
 Metaspace       used 6243K, capacity 7152K, committed 7296K, reserved 1056768K
  class space    used 575K, capacity 616K, committed 640K, reserved 1048576K
Event: 4.831 GC heap after
Heap after GC invocations=5 (full 0):
 PSYoungGen      total 53248K, used 4096K [0x00000000eab00000, 0x00000000f2400000, 0x0000000100000000)
  eden space 49152K, 0% used [0x00000000eab00000,0x00000000eab00000,0x00000000edb00000)
  from space 4096K, 100% used [0x00000000edb00000,0x00000000edf00000,0x00000000edf00000)
  to   space 12800K, 0% used [0x00000000f1780000,0x00000000f1780000,0x00000000f2400000)
 ParOldGen       total 65536K, used 17860K [0x00000000c0000000, 0x00000000c4000000, 0x00000000eab00000)
  object space 65536K, 27% used [0x00000000c0000000,0x00000000c1171098,0x00000000c4000000)
 Metaspace       used 6243K, capacity 7152K, committed 7296K, reserved 1056768K
  class space    used 575K, capacity 616K, committed 640K, reserved 1048576K
}
Event: 6.422 GC heap before
{Heap before GC invocations=6 (full 0):
 PSYoungGen      total 53248K, used 53248K [0x00000000eab00000, 0x00000000f2400000, 0x0000000100000000)
  eden space 49152K, 100% used [0x00000000eab00000,0x00000000edb00000,0x00000000edb00000)
  from space 4096K, 100% used [0x00000000edb00000,0x00000000edf00000,0x00000000edf00000)
  to   space 12800K, 0% used [0x00000000f1780000,0x00000000f1780000,0x00000000f2400000)
 ParOldGen       total 65536K, used 17860K [0x00000000c0000000, 0x00000000c4000000, 0x00000000eab00000)
  object space 65536K, 27% used [0x00000000c0000000,0x00000000c1171098,0x00000000c4000000)
 Metaspace       used 6318K, capacity 7216K, committed 7296K, reserved 1056768K
  class space    used 576K, capacity 616K, committed 640K, reserved 1048576K
Event: 6.902 GC heap after
Heap after GC invocations=6 (full 0):
 PSYoungGen      total 107008K, used 12789K [0x00000000eab00000, 0x00000000f2c00000, 0x0000000100000000)
  eden space 94208K, 0% used [0x00000000eab00000,0x00000000eab00000,0x00000000f0700000)
  from space 12800K, 99% used [0x00000000f1780000,0x00000000f23fd4a0,0x00000000f2400000)
  to   space 16896K, 0% used [0x00000000f0700000,0x00000000f0700000,0x00000000f1780000)
 ParOldGen       total 65536K, used 21659K [0x00000000c0000000, 0x00000000c4000000, 0x00000000eab00000)
  object space 65536K, 33% used [0x00000000c0000000,0x00000000c1526ce0,0x00000000c4000000)
 Metaspace       used 6318K, capacity 7216K, committed 7296K, reserved 1056768K
  class space    used 576K, capacity 616K, committed 640K, reserved 1048576K
}

Deoptimization events (10 events):
Event: 4.350 Thread 0x000000001714c000 Uncommon trap: reason=bimorphic action=maybe_recompile pc=0x00000000034fb2c0 method=com.android.dx.cf.code.BytecodeArray.parseInstruction(ILcom/android/dx/cf/code/BytecodeArray$Visitor;)I @ 2135
Event: 5.111 Thread 0x000000001714c000 Uncommon trap: reason=bimorphic action=maybe_recompile pc=0x00000000034dd8dc method=com.android.dx.cf.code.RopperMachine.run(Lcom/android/dx/cf/code/Frame;II)V @ 310
Event: 5.116 Thread 0x000000001714c000 Uncommon trap: reason=bimorphic action=maybe_recompile pc=0x00000000034dd8dc method=com.android.dx.cf.code.RopperMachine.run(Lcom/android/dx/cf/code/Frame;II)V @ 310
Event: 5.119 Thread 0x000000001714c000 Uncommon trap: reason=bimorphic action=maybe_recompile pc=0x00000000034dd8dc method=com.android.dx.cf.code.RopperMachine.run(Lcom/android/dx/cf/code/Frame;II)V @ 310
Event: 6.138 Thread 0x0000000002d62800 Uncommon trap: reason=unloaded action=reinterpret pc=0x00000000035d8768 method=com.android.dx.cf.cst.ConstantPoolParser.parse0(ILjava/util/BitSet;)Lcom/android/dx/rop/cst/Constant; @ 220
Event: 6.935 Thread 0x0000000002d62800 Uncommon trap: reason=bimorphic action=maybe_recompile pc=0x00000000035a7984 method=com.android.dx.cf.code.BytecodeArray.parseInstruction(ILcom/android/dx/cf/code/BytecodeArray$Visitor;)I @ 2281
Event: 6.935 Thread 0x0000000002d62800 Uncommon trap: reason=bimorphic action=maybe_recompile pc=0x00000000035a7984 method=com.android.dx.cf.code.BytecodeArray.parseInstruction(ILcom/android/dx/cf/code/BytecodeArray$Visitor;)I @ 2281
Event: 6.955 Thread 0x0000000017145800 Uncommon trap: reason=class_check action=maybe_recompile pc=0x000000000361b080 method=com.android.dx.cf.code.Ropper.processBlock(Lcom/android/dx/cf/code/ByteBlock;Lcom/android/dx/cf/code/Frame;[I)V @ 711
Event: 7.275 Thread 0x0000000017145800 Uncommon trap: reason=class_check action=maybe_recompile pc=0x000000000361b080 method=com.android.dx.cf.code.Ropper.processBlock(Lcom/android/dx/cf/code/ByteBlock;Lcom/android/dx/cf/code/Frame;[I)V @ 711
Event: 7.280 Thread 0x000000001714b800 Uncommon trap: reason=class_check action=maybe_recompile pc=0x000000000361b080 method=com.android.dx.cf.code.Ropper.processBlock(Lcom/android/dx/cf/code/ByteBlock;Lcom/android/dx/cf/code/Frame;[I)V @ 711

Internal exceptions (2 events):
Event: 0.469 Thread 0x0000000002d62800 Exception <a 'java/lang/NoSuchMethodError': Method sun.misc.Unsafe.defineClass(Ljava/lang/String;[BII)Ljava/lang/Class; name or signature does not match> (0x00000000eab07cc0) thrown at [C:\src\android\AOSP-openjdk\external\jetbrains\jdk\hotspot\src\share\vêj (fﬁ?
Event: 0.469 Thread 0x0000000002d62800 Exception <a 'java/lang/NoSuchMethodError': Method sun.misc.Unsafe.prefetchRead(Ljava/lang/Object;J)V name or signature does not match> (0x00000000eab07fa8) thrown at [C:\src\android\AOSP-openjdk\external\jetbrains\jdk\hotspot\src\share\vm\prims\jni.cpp, l

Events (10 events):
Event: 6.955 Thread 0x0000000017145800 DEOPT PACKING pc=0x000000000361b080 sp=0x000000001756e980
Event: 6.955 Thread 0x0000000017145800 DEOPT UNPACKING pc=0x0000000002ea556a sp=0x000000001756e9e0 mode 2
Event: 7.275 Thread 0x0000000017145800 Uncommon trap: trap_request=0xffffffde fr.pc=0x000000000361b080
Event: 7.275 Thread 0x0000000017145800 DEOPT PACKING pc=0x000000000361b080 sp=0x000000001756e980
Event: 7.275 Thread 0x0000000017145800 DEOPT UNPACKING pc=0x0000000002ea556a sp=0x000000001756e9e0 mode 2
Event: 7.280 Thread 0x000000001714b800 Uncommon trap: trap_request=0xffffffde fr.pc=0x000000000361b080
Event: 7.280 Thread 0x000000001714b800 DEOPT PACKING pc=0x000000000361b080 sp=0x000000001786e5c0
Event: 7.280 Thread 0x000000001714b800 DEOPT UNPACKING pc=0x0000000002ea556a sp=0x000000001786e620 mode 2
Event: 7.289 Thread 0x0000000017145800 DEOPT PACKING pc=0x0000000003392a6d sp=0x000000001756ea20
Event: 7.289 Thread 0x0000000017145800 DEOPT UNPACKING pc=0x0000000002ea75bf sp=0x000000001756e758 mode 0


Dynamic libraries:
0x00007ff663b60000 - 0x00007ff663b91000 	D:\Software\Android\Android Studio\jre\bin\java.exe
0x00007fff82d00000 - 0x00007fff82ed1000 	C:\Windows\SYSTEM32\ntdll.dll
0x00007fff82bb0000 - 0x00007fff82c5b000 	C:\Windows\System32\KERNEL32.DLL
0x00007fff7f2e0000 - 0x00007fff7f4fd000 	C:\Windows\System32\KERNELBASE.dll
0x00007fff806c0000 - 0x00007fff80762000 	C:\Windows\System32\ADVAPI32.dll
0x00007fff82a10000 - 0x00007fff82aae000 	C:\Windows\System32\msvcrt.dll
0x00007fff829b0000 - 0x00007fff82a09000 	C:\Windows\System32\sechost.dll
0x00007fff80290000 - 0x00007fff803b1000 	C:\Windows\System32\RPCRT4.dll
0x00007fff821a0000 - 0x00007fff82305000 	C:\Windows\System32\USER32.dll
0x00007fff7fbe0000 - 0x00007fff7fbfe000 	C:\Windows\System32\win32u.dll
0x00007fff82160000 - 0x00007fff82194000 	C:\Windows\System32\GDI32.dll
0x00007fff7fc00000 - 0x00007fff7fd82000 	C:\Windows\System32\gdi32full.dll
0x00007fff74580000 - 0x00007fff747f9000 	C:\Windows\WinSxS\amd64_microsoft.windows.common-controls_6595b64144ccf1df_6.0.14393.0_none_2d0f50fcbdb171b8\COMCTL32.dll
0x00007fff81e90000 - 0x00007fff82157000 	C:\Windows\System32\combase.dll
0x00007fff7ffc0000 - 0x00007fff800b5000 	C:\Windows\System32\ucrtbase.dll
0x00007fff7fd90000 - 0x00007fff7fdfa000 	C:\Windows\System32\bcryptPrimitives.dll
0x00007fff82cd0000 - 0x00007fff82cfe000 	C:\Windows\System32\IMM32.DLL
0x0000000057210000 - 0x00000000572e2000 	D:\Software\Android\Android Studio\jre\jre\bin\msvcr100.dll
0x0000000056890000 - 0x00000000570c4000 	D:\Software\Android\Android Studio\jre\jre\bin\server\jvm.dll
0x00007fff80580000 - 0x00007fff80588000 	C:\Windows\System32\PSAPI.DLL
0x00007fff68880000 - 0x00007fff68889000 	C:\Windows\SYSTEM32\WSOCK32.dll
0x00007fff81c80000 - 0x00007fff81cea000 	C:\Windows\System32\WS2_32.dll
0x00007fff7d6b0000 - 0x00007fff7d6d3000 	C:\Windows\SYSTEM32\WINMM.dll
0x00007fff78510000 - 0x00007fff7851a000 	C:\Windows\SYSTEM32\VERSION.dll
0x00007fff7d680000 - 0x00007fff7d6ab000 	C:\Windows\SYSTEM32\WINMMBASE.dll
0x00007fff7f290000 - 0x00007fff7f2d2000 	C:\Windows\System32\cfgmgr32.dll
0x00007fff7d730000 - 0x00007fff7d73f000 	D:\Software\Android\Android Studio\jre\jre\bin\verify.dll
0x00007fff7c2b0000 - 0x00007fff7c2d9000 	D:\Software\Android\Android Studio\jre\jre\bin\java.dll
0x00007fff7c240000 - 0x00007fff7c256000 	D:\Software\Android\Android Studio\jre\jre\bin\zip.dll
0x00007fff80770000 - 0x00007fff81c78000 	C:\Windows\System32\SHELL32.dll
0x00007fff7f500000 - 0x00007fff7fbda000 	C:\Windows\System32\windows.storage.dll
0x00007fff7f220000 - 0x00007fff7f26c000 	C:\Windows\System32\powrprof.dll
0x00007fff82ab0000 - 0x00007fff82b02000 	C:\Windows\System32\shlwapi.dll
0x00007fff7f200000 - 0x00007fff7f20f000 	C:\Windows\System32\kernel.appcore.dll
0x00007fff7ff10000 - 0x00007fff7ffb9000 	C:\Windows\System32\shcore.dll
0x00007fff7f270000 - 0x00007fff7f284000 	C:\Windows\System32\profapi.dll

VM Arguments:
jvm_args: -Djava.awt.headless=true -Xmx1024M -Dfile.encoding=windows-1252 -Duser.country=US -Duser.language=en -Duser.variant 
java_command: com.android.dx.command.Main --dex --num-threads=4 --output E:\HOC TAP\Android1\WorkoutTrainer\app\build\intermediates\pre-dexed\debug\com.google.android.gms-play-services-basement-9.8.0_a2e5c33ca2fa2aca1d25e8547a06774c59e0a315.jar E:\HOC TAP\Android1\WorkoutTrainer\app\build\intermediates\exploded-aar\com.google.android.gms\play-services-basement\9.8.0\jars\classes.jar
java_class_path (initial): D:\Software\Android\sdk\build-tools\23.0.2\lib\dx.jar
Launcher Type: SUN_STANDARD

Environment Variables:
JAVA_HOME=C:\Program Files\Java\jdk1.8.0_112
PATH=C:\ProgramData\Oracle\Java\javapath;C:\Windows\system32;C:\Windows;C:\Windows\System32\Wbem;C:\Windows\System32\WindowsPowerShell\v1.0\;C:\Program Files (x86)\Intel\OpenCL SDK\3.0\bin\x86;C:\Program Files (x86)\Intel\OpenCL SDK\3.0\bin\x64;C:\Program Files\Java\jdk1.8.0_112\bin;C:\Program Files (x86)\Microsoft SQL Server\110\Tools\Binn\;C:\Program Files\Microsoft SQL Server\110\Tools\Binn\;C:\Program Files\Microsoft SQL Server\110\DTS\Binn\;C:\Program Files (x86)\Microsoft SQL Server\110\Tools\Binn\ManagementStudio\;C:\Program Files (x86)\Microsoft Visual Studio 10.0\Common7\IDE\PrivateAssemblies\;C:\Program Files (x86)\Microsoft SQL Server\110\DTS\Binn\;C:\Windows\system32\config\systemprofile\.dnx\bin;C:\Program Files\Microsoft DNX\Dnvm\;C:\Program Files\Microsoft SQL Server\120\Tools\Binn\;C:\Program Files (x86)\Skype\Phone\;C:\ProgramData\ComposerSetup\bin;E:\WORK\xampp\php;C:\Users\Admin\AppData\Local\Microsoft\WindowsApps;C:\Users\Admin\AppData\Roaming\Composer\vendor\bin
USERNAME=Admin
OS=Windows_NT
PROCESSOR_IDENTIFIER=Intel64 Family 6 Model 58 Stepping 9, GenuineIntel



---------------  S Y S T E M  ---------------

OS: Windows 10.0 , 64 bit Build 14393 (10.0.14393.0)

CPU:total 4 (2 cores per cpu, 2 threads per core) family 6 model 58 stepping 9, cmov, cx8, fxsr, mmx, sse, sse2, sse3, ssse3, sse4.1, sse4.2, popcnt, avx, aes, clmul, erms, ht, tsc, tscinvbit, tscinv

Memory: 4k page, physical 6187368k(751856k free), swap 10381672k(5784k free)

vm_info: OpenJDK 64-Bit Server VM (25.76-b03) for windows-amd64 JRE (1.8.0_76-release-b03), built on Jun 29 2016 19:09:20 by "ralucas" with MS VC++ 10.0 (VS2010)

time: Wed Dec 14 16:35:37 2016
elapsed time: 7 seconds (0d 0h 0m 7s)

