#
# There is insufficient memory for the Java Runtime Environment to continue.
# Native memory allocation (malloc) failed to allocate 1245376 bytes for Chunk::new
# Possible reasons:
#   The system is out of physical RAM or swap space
#   In 32 bit mode, the process size limit was hit
# Possible solutions:
#   Reduce memory load on the system
#   Increase physical memory or swap space
#   Check if swap backing store is full
#   Use 64 bit Java on a 64 bit OS
#   Decrease Java heap size (-Xmx/-Xms)
#   Decrease number of Java threads
#   Decrease Java thread stack sizes (-Xss)
#   Set larger code cache with -XX:ReservedCodeCacheSize=
# This output file may be truncated or incomplete.
#
#  Out of Memory Error (allocation.cpp:390), pid=13816, tid=0x00000000000029e4
#
# JRE version: OpenJDK Runtime Environment (8.0_76-b03) (build 1.8.0_76-release-b03)
# Java VM: OpenJDK 64-Bit Server VM (25.76-b03 mixed mode windows-amd64 compressed oops)
# Failed to write core dump. Minidumps are not enabled by default on client versions of Windows
#

---------------  T H R E A D  ---------------

Current thread (0x00000000153fd000):  JavaThread "C2 CompilerThread0" daemon [_thread_in_native, id=10724, stack(0x0000000016a40000,0x0000000016b40000)]

Stack: [0x0000000016a40000,0x0000000016b40000]
[error occurred during error reporting (printing stack bounds), id 0xc0000005]

Native frames: (J=compiled Java code, j=interpreted, Vv=VM code, C=native code)


Current CompileTask:
C2:   6892 1718   !   4       com.android.dx.cf.cst.ConstantPoolParser::parse0 (731 bytes)


---------------  P R O C E S S  ---------------

Java Threads: ( => current thread )
  0x0000000016f06800 JavaThread "pool-1-thread-4" [_thread_in_Java, id=6620, stack(0x0000000017740000,0x0000000017840000)]
  0x0000000016f05800 JavaThread "pool-1-thread-3" [_thread_in_Java, id=15548, stack(0x0000000017640000,0x0000000017740000)]
  0x0000000016e94000 JavaThread "pool-1-thread-2" [_thread_in_Java, id=4400, stack(0x0000000017540000,0x0000000017640000)]
  0x0000000016e90800 JavaThread "pool-2-thread-1" [_thread_blocked, id=2500, stack(0x0000000017440000,0x0000000017540000)]
  0x0000000016e8d800 JavaThread "pool-1-thread-1" [_thread_in_Java, id=14184, stack(0x0000000017340000,0x0000000017440000)]
  0x0000000016c42800 JavaThread "Service Thread" daemon [_thread_blocked, id=15692, stack(0x0000000017140000,0x0000000017240000)]
  0x000000001545b800 JavaThread "C1 CompilerThread2" daemon [_thread_blocked, id=6168, stack(0x0000000017040000,0x0000000017140000)]
  0x00000000153ff800 JavaThread "C2 CompilerThread1" daemon [_thread_in_native, id=10496, stack(0x0000000016b40000,0x0000000016c40000)]
=>0x00000000153fd000 JavaThread "C2 CompilerThread0" daemon [_thread_in_native, id=10724, stack(0x0000000016a40000,0x0000000016b40000)]
  0x00000000153fb000 JavaThread "Attach Listener" daemon [_thread_blocked, id=17324, stack(0x0000000016940000,0x0000000016a40000)]
  0x00000000153f9800 JavaThread "Signal Dispatcher" daemon [_thread_blocked, id=15636, stack(0x0000000016840000,0x0000000016940000)]
  0x00000000153e8800 JavaThread "Finalizer" daemon [_thread_blocked, id=16564, stack(0x0000000016650000,0x0000000016750000)]
  0x00000000153c7000 JavaThread "Reference Handler" daemon [_thread_blocked, id=2548, stack(0x0000000016550000,0x0000000016650000)]
  0x0000000002c30800 JavaThread "main" [_thread_in_Java, id=18256, stack(0x00000000029c0000,0x0000000002ac0000)]

Other Threads:
  0x00000000153c4800 VMThread [stack: 0x0000000016450000,0x0000000016550000] [id=7436]
  0x0000000016c43800 WatcherThread [stack: 0x0000000017240000,0x0000000017340000] [id=9248]

VM state:not at safepoint (normal execution)

VM Mutex/Monitor currently owned by a thread: None

Heap:
 PSYoungGen      total 53248K, used 29067K [0x00000000eab00000, 0x00000000f1300000, 0x0000000100000000)
  eden space 49152K, 50% used [0x00000000eab00000,0x00000000ec368ba8,0x00000000edb00000)
  from space 4096K, 99% used [0x00000000edb00000,0x00000000edefa2b0,0x00000000edf00000)
  to   space 4096K, 0% used [0x00000000f0f00000,0x00000000f0f00000,0x00000000f1300000)
 ParOldGen       total 65536K, used 8443K [0x00000000c0000000, 0x00000000c4000000, 0x00000000eab00000)
  object space 65536K, 12% used [0x00000000c0000000,0x00000000c083ee10,0x00000000c4000000)
 Metaspace       used 6194K, capacity 7088K, committed 7296K, reserved 1056768K
  class space    used 579K, capacity 616K, committed 640K, reserved 1048576K

Card table byte_map: [0x00000000120f0000,0x0000000012300000] byte_map_base: 0x0000000011af0000

Marking Bits: (ParMarkBitMap*) 0x0000000057049d00
 Begin Bits: [0x0000000012860000, 0x0000000013860000)
 End Bits:   [0x0000000013860000, 0x0000000014860000)

Polling page: 0x0000000001210000

CodeCache: size=245760Kb used=7224Kb max_used=7246Kb free=238535Kb
 bounds [0x0000000002d30000, 0x0000000003450000, 0x0000000011d30000]
 total_blobs=1960 nmethods=1692 adapters=182
 compilation: enabled

Compilation events (10 events):
Event: 6.627 Thread 0x000000001545b800 1720       2       com.android.dx.dex.file.ClassDataItem::addDirectMethod (24 bytes)
Event: 6.627 Thread 0x000000001545b800 nmethod 1720 0x0000000003420890 code [0x0000000003420a20, 0x0000000003420d78]
Event: 6.627 Thread 0x000000001545b800 1721       2       com.android.dx.dex.file.AnnotationUtils::makeSignature (251 bytes)
Event: 6.630 Thread 0x000000001545b800 nmethod 1721 0x0000000003436bd0 code [0x0000000003436ee0, 0x0000000003437fc8]
Event: 6.630 Thread 0x000000001545b800 1722       2       com.android.dx.cf.code.ExecutionStack::clear (40 bytes)
Event: 6.631 Thread 0x000000001545b800 nmethod 1722 0x0000000003428ad0 code [0x0000000003428c60, 0x0000000003428f48]
Event: 6.631 Thread 0x000000001545b800 1723       2       com.android.dx.cf.code.Ropper$CatchInfo::getSetup (53 bytes)
Event: 6.631 Thread 0x000000001545b800 nmethod 1723 0x0000000003428390 code [0x0000000003428520, 0x0000000003428888]
Event: 6.633 Thread 0x000000001545b800 1724   !   2       java.util.zip.ZipFile$ZipFileInflaterInputStream::close (67 bytes)
Event: 6.634 Thread 0x000000001545b800 nmethod 1724 0x0000000003427ad0 code [0x0000000003427c60, 0x0000000003428098]

GC Heap History (6 events):
Event: 2.107 GC heap before
{Heap before GC invocations=1 (full 0):
 PSYoungGen      total 28672K, used 24576K [0x00000000eab00000, 0x00000000ecb00000, 0x0000000100000000)
  eden space 24576K, 100% used [0x00000000eab00000,0x00000000ec300000,0x00000000ec300000)
  from space 4096K, 0% used [0x00000000ec700000,0x00000000ec700000,0x00000000ecb00000)
  to   space 4096K, 0% used [0x00000000ec300000,0x00000000ec300000,0x00000000ec700000)
 ParOldGen       total 65536K, used 0K [0x00000000c0000000, 0x00000000c4000000, 0x00000000eab00000)
  object space 65536K, 0% used [0x00000000c0000000,0x00000000c0000000,0x00000000c4000000)
 Metaspace       used 5461K, capacity 6512K, committed 6784K, reserved 1056768K
  class space    used 572K, capacity 616K, committed 640K, reserved 1048576K
Event: 2.190 GC heap after
Heap after GC invocations=1 (full 0):
 PSYoungGen      total 28672K, used 3458K [0x00000000eab00000, 0x00000000ee300000, 0x0000000100000000)
  eden space 24576K, 0% used [0x00000000eab00000,0x00000000eab00000,0x00000000ec300000)
  from space 4096K, 84% used [0x00000000ec300000,0x00000000ec660a68,0x00000000ec700000)
  to   space 4096K, 0% used [0x00000000edf00000,0x00000000edf00000,0x00000000ee300000)
 ParOldGen       total 65536K, used 8K [0x00000000c0000000, 0x00000000c4000000, 0x00000000eab00000)
  object space 65536K, 0% used [0x00000000c0000000,0x00000000c0002000,0x00000000c4000000)
 Metaspace       used 5461K, capacity 6512K, committed 6784K, reserved 1056768K
  class space    used 572K, capacity 616K, committed 640K, reserved 1048576K
}
Event: 3.664 GC heap before
{Heap before GC invocations=2 (full 0):
 PSYoungGen      total 28672K, used 28034K [0x00000000eab00000, 0x00000000ee300000, 0x0000000100000000)
  eden space 24576K, 100% used [0x00000000eab00000,0x00000000ec300000,0x00000000ec300000)
  from space 4096K, 84% used [0x00000000ec300000,0x00000000ec660a68,0x00000000ec700000)
  to   space 4096K, 0% used [0x00000000edf00000,0x00000000edf00000,0x00000000ee300000)
 ParOldGen       total 65536K, used 8K [0x00000000c0000000, 0x00000000c4000000, 0x00000000eab00000)
  object space 65536K, 0% used [0x00000000c0000000,0x00000000c0002000,0x00000000c4000000)
 Metaspace       used 6052K, capacity 7024K, committed 7296K, reserved 1056768K
  class space    used 579K, capacity 616K, committed 640K, reserved 1048576K
Event: 3.786 GC heap after
Heap after GC invocations=2 (full 0):
 PSYoungGen      total 53248K, used 4074K [0x00000000eab00000, 0x00000000ee300000, 0x0000000100000000)
  eden space 49152K, 0% used [0x00000000eab00000,0x00000000eab00000,0x00000000edb00000)
  from space 4096K, 99% used [0x00000000edf00000,0x00000000ee2fa970,0x00000000ee300000)
  to   space 4096K, 0% used [0x00000000edb00000,0x00000000edb00000,0x00000000edf00000)
 ParOldGen       total 65536K, used 2248K [0x00000000c0000000, 0x00000000c4000000, 0x00000000eab00000)
  object space 65536K, 3% used [0x00000000c0000000,0x00000000c0232298,0x00000000c4000000)
 Metaspace       used 6052K, capacity 7024K, committed 7296K, reserved 1056768K
  class space    used 579K, capacity 616K, committed 640K, reserved 1048576K
}
Event: 6.231 GC heap before
{Heap before GC invocations=3 (full 0):
 PSYoungGen      total 53248K, used 53226K [0x00000000eab00000, 0x00000000ee300000, 0x0000000100000000)
  eden space 49152K, 100% used [0x00000000eab00000,0x00000000edb00000,0x00000000edb00000)
  from space 4096K, 99% used [0x00000000edf00000,0x00000000ee2fa970,0x00000000ee300000)
  to   space 4096K, 0% used [0x00000000edb00000,0x00000000edb00000,0x00000000edf00000)
 ParOldGen       total 65536K, used 2248K [0x00000000c0000000, 0x00000000c4000000, 0x00000000eab00000)
  object space 65536K, 3% used [0x00000000c0000000,0x00000000c0232298,0x00000000c4000000)
 Metaspace       used 6166K, capacity 7088K, committed 7296K, reserved 1056768K
  class space    used 579K, capacity 616K, committed 640K, reserved 1048576K
Event: 6.327 GC heap after
Heap after GC invocations=3 (full 0):
 PSYoungGen      total 53248K, used 4072K [0x00000000eab00000, 0x00000000f1300000, 0x0000000100000000)
  eden space 49152K, 0% used [0x00000000eab00000,0x00000000eab00000,0x00000000edb00000)
  from space 4096K, 99% used [0x00000000edb00000,0x00000000edefa2b0,0x00000000edf00000)
  to   space 4096K, 0% used [0x00000000f0f00000,0x00000000f0f00000,0x00000000f1300000)
 ParOldGen       total 65536K, used 8443K [0x00000000c0000000, 0x00000000c4000000, 0x00000000eab00000)
  object space 65536K, 12% used [0x00000000c0000000,0x00000000c083ee10,0x00000000c4000000)
 Metaspace       used 6166K, capacity 7088K, committed 7296K, reserved 1056768K
  class space    used 579K, capacity 616K, committed 640K, reserved 1048576K
}

Deoptimization events (10 events):
Event: 4.532 Thread 0x0000000002c30800 Uncommon trap: reason=unstable_if action=reinterpret pc=0x00000000032a8f30 method=com.android.dx.ssa.LiteralOpUpgrader$1.visitNonMoveInsn(Lcom/android/dx/ssa/NormalSsaInsn;)V @ 55
Event: 4.533 Thread 0x0000000002c30800 Uncommon trap: reason=unstable_if action=reinterpret pc=0x000000000321729c method=com.android.dx.ssa.SsaMethod.updateOneDefinition(Lcom/android/dx/ssa/SsaInsn;Lcom/android/dx/rop/code/RegisterSpec;)V @ 4
Event: 5.620 Thread 0x0000000016f06800 Uncommon trap: reason=bimorphic action=maybe_recompile pc=0x000000000331747c method=com.android.dx.cf.code.BytecodeArray.parseInstruction(ILcom/android/dx/cf/code/BytecodeArray$Visitor;)I @ 955
Event: 5.620 Thread 0x0000000016f06800 Uncommon trap: reason=bimorphic action=maybe_recompile pc=0x00000000033172fc method=com.android.dx.cf.code.BytecodeArray.parseInstruction(ILcom/android/dx/cf/code/BytecodeArray$Visitor;)I @ 907
Event: 5.620 Thread 0x0000000016f06800 Uncommon trap: reason=bimorphic action=maybe_recompile pc=0x000000000331798c method=com.android.dx.cf.code.BytecodeArray.parseInstruction(ILcom/android/dx/cf/code/BytecodeArray$Visitor;)I @ 1224
Event: 5.620 Thread 0x0000000016f06800 Uncommon trap: reason=bimorphic action=maybe_recompile pc=0x000000000331737c method=com.android.dx.cf.code.BytecodeArray.parseInstruction(ILcom/android/dx/cf/code/BytecodeArray$Visitor;)I @ 923
Event: 5.620 Thread 0x0000000016f06800 Uncommon trap: reason=bimorphic action=maybe_recompile pc=0x000000000331798c method=com.android.dx.cf.code.BytecodeArray.parseInstruction(ILcom/android/dx/cf/code/BytecodeArray$Visitor;)I @ 1224
Event: 6.349 Thread 0x0000000016f05800 Uncommon trap: reason=unstable_if action=reinterpret pc=0x0000000003275204 method=com.android.dx.ssa.SCCP.simulateStmt(Lcom/android/dx/ssa/SsaInsn;)V @ 59
Event: 6.363 Thread 0x0000000016e94000 Uncommon trap: reason=unstable_if action=reinterpret pc=0x000000000310c33c method=com.android.dx.util.IntList.binarysearch(I)I @ 105
Event: 6.364 Thread 0x0000000016e94000 Uncommon trap: reason=unstable_if action=reinterpret pc=0x0000000003380c2c method=com.android.dx.ssa.SsaBasicBlock.newFromRop(Lcom/android/dx/rop/code/RopMethod;ILcom/android/dx/ssa/SsaMethod;)Lcom/android/dx/ssa/SsaBasicBlock; @ 164

Internal exceptions (2 events):
Event: 0.286 Thread 0x0000000002c30800 Exception <a 'java/lang/NoSuchMethodError': Method sun.misc.Unsafe.defineClass(Ljava/lang/String;[BII)Ljava/lang/Class; name or signature does not match> (0x00000000eab07cc0) thrown at [C:\src\android\AOSP-openjdk\external\jetbrains\jdk\hotspot\src\share\vדקGׂ?
Event: 0.286 Thread 0x0000000002c30800 Exception <a 'java/lang/NoSuchMethodError': Method sun.misc.Unsafe.prefetchRead(Ljava/lang/Object;J)V name or signature does not match> (0x00000000eab07fa8) thrown at [C:\src\android\AOSP-openjdk\external\jetbrains\jdk\hotspot\src\share\vm\prims\jni.cpp, l

Events (10 events):
Event: 6.363 Thread 0x0000000016e94000 Uncommon trap: trap_request=0xffffff65 fr.pc=0x000000000310c33c
Event: 6.363 Thread 0x0000000016e94000 DEOPT PACKING pc=0x000000000310c33c sp=0x000000001763e7f0
Event: 6.363 Thread 0x0000000016e94000 DEOPT UNPACKING pc=0x0000000002d7556a sp=0x000000001763e768 mode 2
Event: 6.364 Thread 0x0000000016e94000 Uncommon trap: trap_request=0xffffff65 fr.pc=0x0000000003380c2c
Event: 6.364 Thread 0x0000000016e94000 DEOPT PACKING pc=0x0000000003380c2c sp=0x000000001763e890
Event: 6.364 Thread 0x0000000016e94000 DEOPT UNPACKING pc=0x0000000002d7556a sp=0x000000001763e8a8 mode 2
Event: 6.586 Thread 0x0000000016f06800 DEOPT PACKING pc=0x0000000003191dd9 sp=0x000000001783ed50
Event: 6.586 Thread 0x0000000016f06800 DEOPT UNPACKING pc=0x0000000002d775bf sp=0x000000001783eb80 mode 0
Event: 6.613 Thread 0x0000000016f06800 DEOPT PACKING pc=0x000000000316be83 sp=0x000000001783ee20
Event: 6.613 Thread 0x0000000016f06800 DEOPT UNPACKING pc=0x0000000002d775bf sp=0x000000001783eba0 mode 0


Dynamic libraries:
0x00007ff663b60000 - 0x00007ff663b91000 	D:\Software\Android\Android Studio\jre\bin\java.exe
0x00007fff82d00000 - 0x00007fff82ed1000 	C:\Windows\SYSTEM32\ntdll.dll
0x00007fff82bb0000 - 0x00007fff82c5b000 	C:\Windows\System32\KERNEL32.DLL
0x00007fff7f2e0000 - 0x00007fff7f4fd000 	C:\Windows\System32\KERNELBASE.dll
0x00007fff806c0000 - 0x00007fff80762000 	C:\Windows\System32\ADVAPI32.dll
0x00007fff82a10000 - 0x00007fff82aae000 	C:\Windows\System32\msvcrt.dll
0x00007fff829b0000 - 0x00007fff82a09000 	C:\Windows\System32\sechost.dll
0x00007fff80290000 - 0x00007fff803b1000 	C:\Windows\System32\RPCRT4.dll
0x00007fff821a0000 - 0x00007fff82305000 	C:\Windows\System32\USER32.dll
0x00007fff7fbe0000 - 0x00007fff7fbfe000 	C:\Windows\System32\win32u.dll
0x00007fff82160000 - 0x00007fff82194000 	C:\Windows\System32\GDI32.dll
0x00007fff7fc00000 - 0x00007fff7fd82000 	C:\Windows\System32\gdi32full.dll
0x00007fff74580000 - 0x00007fff747f9000 	C:\Windows\WinSxS\amd64_microsoft.windows.common-controls_6595b64144ccf1df_6.0.14393.0_none_2d0f50fcbdb171b8\COMCTL32.dll
0x00007fff81e90000 - 0x00007fff82157000 	C:\Windows\System32\combase.dll
0x00007fff7ffc0000 - 0x00007fff800b5000 	C:\Windows\System32\ucrtbase.dll
0x00007fff7fd90000 - 0x00007fff7fdfa000 	C:\Windows\System32\bcryptPrimitives.dll
0x00007fff82cd0000 - 0x00007fff82cfe000 	C:\Windows\System32\IMM32.DLL
0x0000000057210000 - 0x00000000572e2000 	D:\Software\Android\Android Studio\jre\jre\bin\msvcr100.dll
0x0000000056890000 - 0x00000000570c4000 	D:\Software\Android\Android Studio\jre\jre\bin\server\jvm.dll
0x00007fff80580000 - 0x00007fff80588000 	C:\Windows\System32\PSAPI.DLL
0x00007fff68880000 - 0x00007fff68889000 	C:\Windows\SYSTEM32\WSOCK32.dll
0x00007fff81c80000 - 0x00007fff81cea000 	C:\Windows\System32\WS2_32.dll
0x00007fff7d6b0000 - 0x00007fff7d6d3000 	C:\Windows\SYSTEM32\WINMM.dll
0x00007fff78510000 - 0x00007fff7851a000 	C:\Windows\SYSTEM32\VERSION.dll
0x00007fff7d680000 - 0x00007fff7d6ab000 	C:\Windows\SYSTEM32\WINMMBASE.dll
0x00007fff7f290000 - 0x00007fff7f2d2000 	C:\Windows\System32\cfgmgr32.dll
0x00007fff7d730000 - 0x00007fff7d73f000 	D:\Software\Android\Android Studio\jre\jre\bin\verify.dll
0x00007fff7c2b0000 - 0x00007fff7c2d9000 	D:\Software\Android\Android Studio\jre\jre\bin\java.dll
0x00007fff7c240000 - 0x00007fff7c256000 	D:\Software\Android\Android Studio\jre\jre\bin\zip.dll
0x00007fff80770000 - 0x00007fff81c78000 	C:\Windows\System32\SHELL32.dll
0x00007fff7f500000 - 0x00007fff7fbda000 	C:\Windows\System32\windows.storage.dll
0x00007fff7f220000 - 0x00007fff7f26c000 	C:\Windows\System32\powrprof.dll
0x00007fff82ab0000 - 0x00007fff82b02000 	C:\Windows\System32\shlwapi.dll
0x00007fff7f200000 - 0x00007fff7f20f000 	C:\Windows\System32\kernel.appcore.dll
0x00007fff7ff10000 - 0x00007fff7ffb9000 	C:\Windows\System32\shcore.dll
0x00007fff7f270000 - 0x00007fff7f284000 	C:\Windows\System32\profapi.dll

VM Arguments:
jvm_args: -Djava.awt.headless=true -Xmx1024M -Dfile.encoding=windows-1252 -Duser.country=US -Duser.language=en -Duser.variant 
java_command: com.android.dx.command.Main --dex --num-threads=4 --output E:\HOC TAP\Android1\WorkoutTrainer\app\build\intermediates\pre-dexed\debug\com.android.support-support-v4-24.0.0_1ff41f46114ae0009a72051ab08e87cfb1a87dfc.jar E:\HOC TAP\Android1\WorkoutTrainer\app\build\intermediates\exploded-aar\com.android.support\support-v4\24.0.0\jars\classes.jar
java_class_path (initial): D:\Software\Android\sdk\build-tools\23.0.2\lib\dx.jar
Launcher Type: SUN_STANDARD

Environment Variables:
JAVA_HOME=C:\Program Files\Java\jdk1.8.0_112
PATH=C:\ProgramData\Oracle\Java\javapath;C:\Windows\system32;C:\Windows;C:\Windows\System32\Wbem;C:\Windows\System32\WindowsPowerShell\v1.0\;C:\Program Files (x86)\Intel\OpenCL SDK\3.0\bin\x86;C:\Program Files (x86)\Intel\OpenCL SDK\3.0\bin\x64;C:\Program Files\Java\jdk1.8.0_112\bin;C:\Program Files (x86)\Microsoft SQL Server\110\Tools\Binn\;C:\Program Files\Microsoft SQL Server\110\Tools\Binn\;C:\Program Files\Microsoft SQL Server\110\DTS\Binn\;C:\Program Files (x86)\Microsoft SQL Server\110\Tools\Binn\ManagementStudio\;C:\Program Files (x86)\Microsoft Visual Studio 10.0\Common7\IDE\PrivateAssemblies\;C:\Program Files (x86)\Microsoft SQL Server\110\DTS\Binn\;C:\Windows\system32\config\systemprofile\.dnx\bin;C:\Program Files\Microsoft DNX\Dnvm\;C:\Program Files\Microsoft SQL Server\120\Tools\Binn\;C:\Program Files (x86)\Skype\Phone\;C:\ProgramData\ComposerSetup\bin;E:\WORK\xampp\php;C:\Users\Admin\AppData\Local\Microsoft\WindowsApps;C:\Users\Admin\AppData\Roaming\Composer\vendor\bin
USERNAME=Admin
OS=Windows_NT
PROCESSOR_IDENTIFIER=Intel64 Family 6 Model 58 Stepping 9, GenuineIntel



---------------  S Y S T E M  ---------------

OS: Windows 10.0 , 64 bit Build 14393 (10.0.14393.0)

CPU:total 4 (2 cores per cpu, 2 threads per core) family 6 model 58 stepping 9, cmov, cx8, fxsr, mmx, sse, sse2, sse3, ssse3, sse4.1, sse4.2, popcnt, avx, aes, clmul, erms, ht, tsc, tscinvbit, tscinv

Memory: 4k page, physical 6187368k(756124k free), swap 10381672k(8832k free)

vm_info: OpenJDK 64-Bit Server VM (25.76-b03) for windows-amd64 JRE (1.8.0_76-release-b03), built on Jun 29 2016 19:09:20 by "ralucas" with MS VC++ 10.0 (VS2010)

time: Wed Dec 14 16:35:37 2016
elapsed time: 6 seconds (0d 0h 0m 6s)

