#
# There is insufficient memory for the Java Runtime Environment to continue.
# Native memory allocation (malloc) failed to allocate 1994096 bytes for Chunk::new
# Possible reasons:
#   The system is out of physical RAM or swap space
#   In 32 bit mode, the process size limit was hit
# Possible solutions:
#   Reduce memory load on the system
#   Increase physical memory or swap space
#   Check if swap backing store is full
#   Use 64 bit Java on a 64 bit OS
#   Decrease Java heap size (-Xmx/-Xms)
#   Decrease number of Java threads
#   Decrease Java thread stack sizes (-Xss)
#   Set larger code cache with -XX:ReservedCodeCacheSize=
# This output file may be truncated or incomplete.
#
#  Out of Memory Error (allocation.cpp:390), pid=7708, tid=0x000000000000328c
#
# JRE version: OpenJDK Runtime Environment (8.0_76-b03) (build 1.8.0_76-release-b03)
# Java VM: OpenJDK 64-Bit Server VM (25.76-b03 mixed mode windows-amd64 compressed oops)
# Failed to write core dump. Minidumps are not enabled by default on client versions of Windows
#

---------------  T H R E A D  ---------------

Current thread (0x0000000014f5a800):  JavaThread "C2 CompilerThread1" daemon [_thread_in_native, id=12940, stack(0x00000000166a0000,0x00000000167a0000)]

Stack: [0x00000000166a0000,0x00000000167a0000]
[error occurred during error reporting (printing stack bounds), id 0xc0000005]

Native frames: (J=compiled Java code, j=interpreted, Vv=VM code, C=native code)


Current CompileTask:
C2:   6639 1559   !   4       com.android.dx.cf.cst.ConstantPoolParser::parse0 (731 bytes)


---------------  P R O C E S S  ---------------

Java Threads: ( => current thread )
  0x0000000016b49800 JavaThread "pool-1-thread-4" [_thread_blocked, id=14880, stack(0x00000000172a0000,0x00000000173a0000)]
  0x0000000016b47800 JavaThread "pool-1-thread-3" [_thread_blocked, id=17660, stack(0x00000000171a0000,0x00000000172a0000)]
  0x0000000016b44000 JavaThread "pool-1-thread-2" [_thread_blocked, id=2812, stack(0x00000000170a0000,0x00000000171a0000)]
  0x0000000016b2f800 JavaThread "pool-2-thread-1" [_thread_blocked, id=16892, stack(0x0000000016fa0000,0x00000000170a0000)]
  0x0000000016bc3800 JavaThread "pool-1-thread-1" [_thread_blocked, id=8788, stack(0x0000000016ea0000,0x0000000016fa0000)]
  0x00000000168a3800 JavaThread "Service Thread" daemon [_thread_blocked, id=17960, stack(0x0000000016ca0000,0x0000000016da0000)]
  0x0000000014fab000 JavaThread "C1 CompilerThread2" daemon [_thread_blocked, id=4580, stack(0x00000000167a0000,0x00000000168a0000)]
=>0x0000000014f5a800 JavaThread "C2 CompilerThread1" daemon [_thread_in_native, id=12940, stack(0x00000000166a0000,0x00000000167a0000)]
  0x0000000014f58000 JavaThread "C2 CompilerThread0" daemon [_thread_blocked, id=9196, stack(0x00000000165a0000,0x00000000166a0000)]
  0x0000000014f56000 JavaThread "Attach Listener" daemon [_thread_blocked, id=6540, stack(0x00000000164a0000,0x00000000165a0000)]
  0x0000000014f54800 JavaThread "Signal Dispatcher" daemon [_thread_blocked, id=2240, stack(0x00000000163a0000,0x00000000164a0000)]
  0x0000000014f38000 JavaThread "Finalizer" daemon [_thread_blocked, id=6400, stack(0x00000000161b0000,0x00000000162b0000)]
  0x0000000014f17000 JavaThread "Reference Handler" daemon [_thread_blocked, id=10292, stack(0x00000000160b0000,0x00000000161b0000)]
  0x0000000002780800 JavaThread "main" [_thread_blocked, id=16776, stack(0x00000000024c0000,0x00000000025c0000)]

Other Threads:
  0x0000000014f14800 VMThread [stack: 0x0000000015fb0000,0x00000000160b0000] [id=7544]
  0x00000000168a4000 WatcherThread [stack: 0x0000000016da0000,0x0000000016ea0000] [id=15364]

VM state:at safepoint (normal execution)

VM Mutex/Monitor currently owned by a thread:  ([mutex/lock_event])
[0x000000000267ca50] Threads_lock - owner thread: 0x0000000014f14800
[0x000000000267c3d0] Heap_lock - owner thread: 0x0000000016b49800

Heap:
 PSYoungGen      total 28672K, used 28670K [0x00000000eab00000, 0x00000000ecb00000, 0x0000000100000000)
  eden space 24576K, 100% used [0x00000000eab00000,0x00000000ec300000,0x00000000ec300000)
  from space 4096K, 99% used [0x00000000ec300000,0x00000000ec6ff8c0,0x00000000ec700000)
  to   space 4096K, 11% used [0x00000000ec700000,0x00000000ec77a080,0x00000000ecb00000)
 ParOldGen       total 65536K, used 7909K [0x00000000c0000000, 0x00000000c4000000, 0x00000000eab00000)
  object space 65536K, 12% used [0x00000000c0000000,0x00000000c07b9498,0x00000000c4000000)
 Metaspace       used 6186K, capacity 7088K, committed 7296K, reserved 1056768K
  class space    used 577K, capacity 616K, committed 640K, reserved 1048576K

Card table byte_map: [0x0000000011c40000,0x0000000011e50000] byte_map_base: 0x0000000011640000

Marking Bits: (ParMarkBitMap*) 0x0000000057049d00
 Begin Bits: [0x00000000123b0000, 0x00000000133b0000)
 End Bits:   [0x00000000133b0000, 0x00000000143b0000)

Polling page: 0x0000000000ce0000

CodeCache: size=245760Kb used=7086Kb max_used=7086Kb free=238673Kb
 bounds [0x0000000002880000, 0x0000000002f80000, 0x0000000011880000]
 total_blobs=1905 nmethods=1636 adapters=182
 compilation: enabled

Compilation events (10 events):
Event: 6.501 Thread 0x0000000014fab000 1654       2       com.android.dx.dex.cf.CfTranslator::translate0 (259 bytes)
Event: 6.504 Thread 0x0000000014fab000 nmethod 1654 0x0000000002f6ce10 code [0x0000000002f6d100, 0x0000000002f6ded8]
Event: 6.505 Thread 0x0000000014fab000 1655       2       java.lang.String::lastIndexOf (151 bytes)
Event: 6.506 Thread 0x0000000014fab000 nmethod 1655 0x0000000002f6f310 code [0x0000000002f6f4a0, 0x0000000002f6f850]
Event: 6.508 Thread 0x0000000014fab000 1656       2       com.android.dx.cf.code.ByteCatchList$Item::covers (22 bytes)
Event: 6.509 Thread 0x0000000014fab000 nmethod 1656 0x0000000002f5c650 code [0x0000000002f5c7a0, 0x0000000002f5c910]
Event: 6.509 Thread 0x0000000014fab000 1657       1       com.android.dx.cf.code.ByteCatchList$Item::getHandlerPc (5 bytes)
Event: 6.509 Thread 0x0000000014fab000 nmethod 1657 0x0000000002f6fcd0 code [0x0000000002f6fe20, 0x0000000002f6ff30]
Event: 6.511 Thread 0x0000000014fab000 1658       2       com.android.dx.rop.code.SourcePosition::equals (46 bytes)
Event: 6.512 Thread 0x0000000014fab000 nmethod 1658 0x0000000002f6ff90 code [0x0000000002f70100, 0x0000000002f70348]

GC Heap History (6 events):
Event: 4.321 GC heap before
{Heap before GC invocations=1 (full 0):
 PSYoungGen      total 28672K, used 24576K [0x00000000eab00000, 0x00000000ecb00000, 0x0000000100000000)
  eden space 24576K, 100% used [0x00000000eab00000,0x00000000ec300000,0x00000000ec300000)
  from space 4096K, 0% used [0x00000000ec700000,0x00000000ec700000,0x00000000ecb00000)
  to   space 4096K, 0% used [0x00000000ec300000,0x00000000ec300000,0x00000000ec700000)
 ParOldGen       total 65536K, used 0K [0x00000000c0000000, 0x00000000c4000000, 0x00000000eab00000)
  object space 65536K, 0% used [0x00000000c0000000,0x00000000c0000000,0x00000000c4000000)
 Metaspace       used 5926K, capacity 6896K, committed 7040K, reserved 1056768K
  class space    used 574K, capacity 616K, committed 640K, reserved 1048576K
Event: 4.466 GC heap after
Heap after GC invocations=1 (full 0):
 PSYoungGen      total 28672K, used 4083K [0x00000000eab00000, 0x00000000ecb00000, 0x0000000100000000)
  eden space 24576K, 0% used [0x00000000eab00000,0x00000000eab00000,0x00000000ec300000)
  from space 4096K, 99% used [0x00000000ec300000,0x00000000ec6fceb8,0x00000000ec700000)
  to   space 4096K, 0% used [0x00000000ec700000,0x00000000ec700000,0x00000000ecb00000)
 ParOldGen       total 65536K, used 1031K [0x00000000c0000000, 0x00000000c4000000, 0x00000000eab00000)
  object space 65536K, 1% used [0x00000000c0000000,0x00000000c0101cd8,0x00000000c4000000)
 Metaspace       used 5926K, capacity 6896K, committed 7040K, reserved 1056768K
  class space    used 574K, capacity 616K, committed 640K, reserved 1048576K
}
Event: 5.336 GC heap before
{Heap before GC invocations=2 (full 0):
 PSYoungGen      total 28672K, used 28659K [0x00000000eab00000, 0x00000000ecb00000, 0x0000000100000000)
  eden space 24576K, 100% used [0x00000000eab00000,0x00000000ec300000,0x00000000ec300000)
  from space 4096K, 99% used [0x00000000ec300000,0x00000000ec6fceb8,0x00000000ec700000)
  to   space 4096K, 0% used [0x00000000ec700000,0x00000000ec700000,0x00000000ecb00000)
 ParOldGen       total 65536K, used 1031K [0x00000000c0000000, 0x00000000c4000000, 0x00000000eab00000)
  object space 65536K, 1% used [0x00000000c0000000,0x00000000c0101cd8,0x00000000c4000000)
 Metaspace       used 6109K, capacity 7024K, committed 7296K, reserved 1056768K
  class space    used 576K, capacity 616K, committed 640K, reserved 1048576K
Event: 5.425 GC heap after
Heap after GC invocations=2 (full 0):
 PSYoungGen      total 28672K, used 4073K [0x00000000eab00000, 0x00000000ecb00000, 0x0000000100000000)
  eden space 24576K, 0% used [0x00000000eab00000,0x00000000eab00000,0x00000000ec300000)
  from space 4096K, 99% used [0x00000000ec700000,0x00000000ecafa768,0x00000000ecb00000)
  to   space 4096K, 0% used [0x00000000ec300000,0x00000000ec300000,0x00000000ec700000)
 ParOldGen       total 65536K, used 4307K [0x00000000c0000000, 0x00000000c4000000, 0x00000000eab00000)
  object space 65536K, 6% used [0x00000000c0000000,0x00000000c0434e28,0x00000000c4000000)
 Metaspace       used 6109K, capacity 7024K, committed 7296K, reserved 1056768K
  class space    used 576K, capacity 616K, committed 640K, reserved 1048576K
}
Event: 5.938 GC heap before
{Heap before GC invocations=3 (full 0):
 PSYoungGen      total 28672K, used 28649K [0x00000000eab00000, 0x00000000ecb00000, 0x0000000100000000)
  eden space 24576K, 100% used [0x00000000eab00000,0x00000000ec300000,0x00000000ec300000)
  from space 4096K, 99% used [0x00000000ec700000,0x00000000ecafa768,0x00000000ecb00000)
  to   space 4096K, 0% used [0x00000000ec300000,0x00000000ec300000,0x00000000ec700000)
 ParOldGen       total 65536K, used 4307K [0x00000000c0000000, 0x00000000c4000000, 0x00000000eab00000)
  object space 65536K, 6% used [0x00000000c0000000,0x00000000c0434e28,0x00000000c4000000)
 Metaspace       used 6143K, capacity 7088K, committed 7296K, reserved 1056768K
  class space    used 577K, capacity 616K, committed 640K, reserved 1048576K
Event: 5.987 GC heap after
Heap after GC invocations=3 (full 0):
 PSYoungGen      total 28672K, used 4094K [0x00000000eab00000, 0x00000000ecb00000, 0x0000000100000000)
  eden space 24576K, 0% used [0x00000000eab00000,0x00000000eab00000,0x00000000ec300000)
  from space 4096K, 99% used [0x00000000ec300000,0x00000000ec6ff8c0,0x00000000ec700000)
  to   space 4096K, 0% used [0x00000000ec700000,0x00000000ec700000,0x00000000ecb00000)
 ParOldGen       total 65536K, used 7909K [0x00000000c0000000, 0x00000000c4000000, 0x00000000eab00000)
  object space 65536K, 12% used [0x00000000c0000000,0x00000000c07b9498,0x00000000c4000000)
 Metaspace       used 6143K, capacity 7088K, committed 7296K, reserved 1056768K
  class space    used 577K, capacity 616K, committed 640K, reserved 1048576K
}

Deoptimization events (10 events):
Event: 5.481 Thread 0x0000000002780800 Uncommon trap: reason=bimorphic action=maybe_recompile pc=0x0000000002ddf0e0 method=java.util.HashMap.getNode(ILjava/lang/Object;)Ljava/util/HashMap$Node; @ 126
Event: 5.481 Thread 0x0000000002780800 Uncommon trap: reason=class_check action=maybe_recompile pc=0x0000000002cd2894 method=java.util.HashMap.putVal(ILjava/lang/Object;Ljava/lang/Object;ZZ)Ljava/lang/Object; @ 203
Event: 5.481 Thread 0x0000000002780800 Uncommon trap: reason=bimorphic action=maybe_recompile pc=0x0000000002ddf0e0 method=java.util.HashMap.getNode(ILjava/lang/Object;)Ljava/util/HashMap$Node; @ 126
Event: 5.481 Thread 0x0000000002780800 Uncommon trap: reason=class_check action=maybe_recompile pc=0x0000000002cd2894 method=java.util.HashMap.putVal(ILjava/lang/Object;Ljava/lang/Object;ZZ)Ljava/lang/Object; @ 203
Event: 5.481 Thread 0x0000000002780800 Uncommon trap: reason=bimorphic action=maybe_recompile pc=0x0000000002ddf0e0 method=java.util.HashMap.getNode(ILjava/lang/Object;)Ljava/util/HashMap$Node; @ 126
Event: 5.608 Thread 0x0000000016bc3800 Uncommon trap: reason=class_check action=maybe_recompile pc=0x0000000002cd2894 method=java.util.HashMap.putVal(ILjava/lang/Object;Ljava/lang/Object;ZZ)Ljava/lang/Object; @ 203
Event: 5.850 Thread 0x0000000002780800 Uncommon trap: reason=bimorphic action=maybe_recompile pc=0x0000000002ed84dc method=com.android.dx.cf.code.BytecodeArray.parseInstruction(ILcom/android/dx/cf/code/BytecodeArray$Visitor;)I @ 939
Event: 5.850 Thread 0x0000000002780800 Uncommon trap: reason=bimorphic action=maybe_recompile pc=0x0000000002ed84dc method=com.android.dx.cf.code.BytecodeArray.parseInstruction(ILcom/android/dx/cf/code/BytecodeArray$Visitor;)I @ 939
Event: 6.327 Thread 0x0000000016b47800 Uncommon trap: reason=unstable_if action=reinterpret pc=0x0000000002e1ee00 method=com.android.dx.ssa.SCCP.simulateStmt(Lcom/android/dx/ssa/SsaInsn;)V @ 59
Event: 6.424 Thread 0x0000000016b44000 Uncommon trap: reason=unstable_if action=reinterpret pc=0x0000000002f54f60 method=com.android.dx.rop.code.LocalVariableExtractor.processBlock(I)V @ 195

Internal exceptions (3 events):
Event: 0.878 Thread 0x0000000002780800 Exception <a 'java/lang/NoSuchMethodError': Method sun.misc.Unsafe.defineClass(Ljava/lang/String;[BII)Ljava/lang/Class; name or signature does not match> (0x00000000eab07cc0) thrown at [C:\src\android\AOSP-openjdk\external\jetbrains\jdk\hotspot\src\share\v` n/î$Ï?
Event: 0.879 Thread 0x0000000002780800 Exception <a 'java/lang/NoSuchMethodError': Method sun.misc.Unsafe.prefetchRead(Ljava/lang/Object;J)V name or signature does not match> (0x00000000eab07fa8) thrown at [C:\src\android\AOSP-openjdk\external\jetbrains\jdk\hotspot\src\share\vm\prims\jni.cpp, lüú√M
Event: 4.792 Thread 0x0000000016b44000 Implicit null exception at 0x0000000002b921b0 to 0x0000000002b9511d

Events (10 events):
Event: 6.004 Thread 0x0000000016b49800 DEOPT UNPACKING pc=0x00000000028c75bf sp=0x000000001739ea30 mode 0
Event: 6.129 Thread 0x0000000016bc3800 DEOPT PACKING pc=0x0000000002d05f35 sp=0x0000000016f9edf0
Event: 6.129 Thread 0x0000000016bc3800 DEOPT UNPACKING pc=0x00000000028c75bf sp=0x0000000016f9ead0 mode 0
Event: 6.327 Thread 0x0000000016b47800 Uncommon trap: trap_request=0xffffff65 fr.pc=0x0000000002e1ee00
Event: 6.327 Thread 0x0000000016b47800 DEOPT PACKING pc=0x0000000002e1ee00 sp=0x000000001729e640
Event: 6.327 Thread 0x0000000016b47800 DEOPT UNPACKING pc=0x00000000028c556a sp=0x000000001729e628 mode 2
Event: 6.424 Thread 0x0000000016b44000 Uncommon trap: trap_request=0xffffff65 fr.pc=0x0000000002f54f60
Event: 6.424 Thread 0x0000000016b44000 DEOPT PACKING pc=0x0000000002f54f60 sp=0x000000001719edc0
Event: 6.424 Thread 0x0000000016b44000 DEOPT UNPACKING pc=0x00000000028c556a sp=0x000000001719eda0 mode 2
Event: 6.512 Executing VM operation: ParallelGCFailedAllocation


Dynamic libraries:
0x00007ff663b60000 - 0x00007ff663b91000 	D:\Software\Android\Android Studio\jre\bin\java.exe
0x00007fff82d00000 - 0x00007fff82ed1000 	C:\Windows\SYSTEM32\ntdll.dll
0x00007fff82bb0000 - 0x00007fff82c5b000 	C:\Windows\System32\KERNEL32.DLL
0x00007fff7f2e0000 - 0x00007fff7f4fd000 	C:\Windows\System32\KERNELBASE.dll
0x00007fff806c0000 - 0x00007fff80762000 	C:\Windows\System32\ADVAPI32.dll
0x00007fff82a10000 - 0x00007fff82aae000 	C:\Windows\System32\msvcrt.dll
0x00007fff829b0000 - 0x00007fff82a09000 	C:\Windows\System32\sechost.dll
0x00007fff80290000 - 0x00007fff803b1000 	C:\Windows\System32\RPCRT4.dll
0x00007fff821a0000 - 0x00007fff82305000 	C:\Windows\System32\USER32.dll
0x00007fff7fbe0000 - 0x00007fff7fbfe000 	C:\Windows\System32\win32u.dll
0x00007fff82160000 - 0x00007fff82194000 	C:\Windows\System32\GDI32.dll
0x00007fff7fc00000 - 0x00007fff7fd82000 	C:\Windows\System32\gdi32full.dll
0x00007fff74580000 - 0x00007fff747f9000 	C:\Windows\WinSxS\amd64_microsoft.windows.common-controls_6595b64144ccf1df_6.0.14393.0_none_2d0f50fcbdb171b8\COMCTL32.dll
0x00007fff81e90000 - 0x00007fff82157000 	C:\Windows\System32\combase.dll
0x00007fff7ffc0000 - 0x00007fff800b5000 	C:\Windows\System32\ucrtbase.dll
0x00007fff7fd90000 - 0x00007fff7fdfa000 	C:\Windows\System32\bcryptPrimitives.dll
0x00007fff82cd0000 - 0x00007fff82cfe000 	C:\Windows\System32\IMM32.DLL
0x0000000057210000 - 0x00000000572e2000 	D:\Software\Android\Android Studio\jre\jre\bin\msvcr100.dll
0x0000000056890000 - 0x00000000570c4000 	D:\Software\Android\Android Studio\jre\jre\bin\server\jvm.dll
0x00007fff80580000 - 0x00007fff80588000 	C:\Windows\System32\PSAPI.DLL
0x00007fff68880000 - 0x00007fff68889000 	C:\Windows\SYSTEM32\WSOCK32.dll
0x00007fff81c80000 - 0x00007fff81cea000 	C:\Windows\System32\WS2_32.dll
0x00007fff7d6b0000 - 0x00007fff7d6d3000 	C:\Windows\SYSTEM32\WINMM.dll
0x00007fff78510000 - 0x00007fff7851a000 	C:\Windows\SYSTEM32\VERSION.dll
0x00007fff7d680000 - 0x00007fff7d6ab000 	C:\Windows\SYSTEM32\WINMMBASE.dll
0x00007fff7f290000 - 0x00007fff7f2d2000 	C:\Windows\System32\cfgmgr32.dll
0x00007fff7d730000 - 0x00007fff7d73f000 	D:\Software\Android\Android Studio\jre\jre\bin\verify.dll
0x00007fff7c2b0000 - 0x00007fff7c2d9000 	D:\Software\Android\Android Studio\jre\jre\bin\java.dll
0x00007fff7c240000 - 0x00007fff7c256000 	D:\Software\Android\Android Studio\jre\jre\bin\zip.dll
0x00007fff80770000 - 0x00007fff81c78000 	C:\Windows\System32\SHELL32.dll
0x00007fff7f500000 - 0x00007fff7fbda000 	C:\Windows\System32\windows.storage.dll
0x00007fff7f220000 - 0x00007fff7f26c000 	C:\Windows\System32\powrprof.dll
0x00007fff82ab0000 - 0x00007fff82b02000 	C:\Windows\System32\shlwapi.dll
0x00007fff7f200000 - 0x00007fff7f20f000 	C:\Windows\System32\kernel.appcore.dll
0x00007fff7ff10000 - 0x00007fff7ffb9000 	C:\Windows\System32\shcore.dll
0x00007fff7f270000 - 0x00007fff7f284000 	C:\Windows\System32\profapi.dll

VM Arguments:
jvm_args: -Djava.awt.headless=true -Xmx1024M -Dfile.encoding=windows-1252 -Duser.country=US -Duser.language=en -Duser.variant 
java_command: com.android.dx.command.Main --dex --num-threads=4 --output E:\HOC TAP\Android1\WorkoutTrainer\app\build\intermediates\pre-dexed\debug\com.android.support-design-23.4.0_ec1dcc41b973733c4bc79e104c7dd98a59a547e6.jar E:\HOC TAP\Android1\WorkoutTrainer\app\build\intermediates\exploded-aar\com.android.support\design\23.4.0\jars\classes.jar
java_class_path (initial): D:\Software\Android\sdk\build-tools\23.0.2\lib\dx.jar
Launcher Type: SUN_STANDARD

Environment Variables:
JAVA_HOME=C:\Program Files\Java\jdk1.8.0_112
PATH=C:\ProgramData\Oracle\Java\javapath;C:\Windows\system32;C:\Windows;C:\Windows\System32\Wbem;C:\Windows\System32\WindowsPowerShell\v1.0\;C:\Program Files (x86)\Intel\OpenCL SDK\3.0\bin\x86;C:\Program Files (x86)\Intel\OpenCL SDK\3.0\bin\x64;C:\Program Files\Java\jdk1.8.0_112\bin;C:\Program Files (x86)\Microsoft SQL Server\110\Tools\Binn\;C:\Program Files\Microsoft SQL Server\110\Tools\Binn\;C:\Program Files\Microsoft SQL Server\110\DTS\Binn\;C:\Program Files (x86)\Microsoft SQL Server\110\Tools\Binn\ManagementStudio\;C:\Program Files (x86)\Microsoft Visual Studio 10.0\Common7\IDE\PrivateAssemblies\;C:\Program Files (x86)\Microsoft SQL Server\110\DTS\Binn\;C:\Windows\system32\config\systemprofile\.dnx\bin;C:\Program Files\Microsoft DNX\Dnvm\;C:\Program Files\Microsoft SQL Server\120\Tools\Binn\;C:\Program Files (x86)\Skype\Phone\;C:\ProgramData\ComposerSetup\bin;E:\WORK\xampp\php;C:\Users\Admin\AppData\Local\Microsoft\WindowsApps;C:\Users\Admin\AppData\Roaming\Composer\vendor\bin
USERNAME=Admin
OS=Windows_NT
PROCESSOR_IDENTIFIER=Intel64 Family 6 Model 58 Stepping 9, GenuineIntel



---------------  S Y S T E M  ---------------

OS: Windows 10.0 , 64 bit Build 14393 (10.0.14393.0)

CPU:total 4 (2 cores per cpu, 2 threads per core) family 6 model 58 stepping 9, cmov, cx8, fxsr, mmx, sse, sse2, sse3, ssse3, sse4.1, sse4.2, popcnt, avx, aes, clmul, erms, ht, tsc, tscinvbit, tscinv

Memory: 4k page, physical 6187368k(715804k free), swap 10381672k(6896k free)

vm_info: OpenJDK 64-Bit Server VM (25.76-b03) for windows-amd64 JRE (1.8.0_76-release-b03), built on Jun 29 2016 19:09:20 by "ralucas" with MS VC++ 10.0 (VS2010)

time: Wed Dec 14 16:35:46 2016
elapsed time: 6 seconds (0d 0h 0m 6s)

